<?xml version="1.0" encoding="UTF-8"?>
<!-- Generated by org.testng.reporters.JUnitXMLReporter -->
<testsuite hostname="DESKTOP-G28MNR6" ignored="0" name="Test" tests="3" failures="0" timestamp="2020-05-16T11:52:31 IST" time="43.607" errors="0">
  <testcase name="Login" time="2.281" classname="com.TestCases.OrangeHRM_Login_TestCase"/>
  <testcase name="Login" time="3.598" classname="com.TestCases.OrangeHRM_Admin_TestCase"/>
  <testcase name="Admin" time="2.691" classname="com.TestCases.OrangeHRM_Admin_TestCase"/>
</testsuite> <!-- Test -->
